<?xml version="1.0" encoding="UTF-8"?>
<!-- Generated by org.testng.reporters.JUnitReportReporter -->
<testsuite hostname="DESKTOP-IDP8NUN" failures="0" tests="1" name="Test.Zerodhasignuppagetest" time="21.156" errors="0" timestamp="2022-06-07T19:23:55 IST" skipped="0">
  <testcase classname="Test.Zerodhasignuppagetest" name="signup" time="21.156"/>
  <system-out/>
</testsuite> <!-- Test.Zerodhasignuppagetest -->
