<?xml version="1.0" encoding="UTF-8"?>
<!-- Generated by org.testng.reporters.JUnitReportReporter -->
<testsuite hostname="DESKTOP-IDP8NUN" failures="0" tests="3" name="Test.Jerodhaloginpagetest" time="48.532" errors="0" timestamp="2022-06-15T22:26:31 IST" skipped="0">
  <testcase classname="Test.Jerodhaloginpagetest" name="forgotpasswordlinktest" time="14.332"/>
  <system-out/>
  <testcase classname="Test.Jerodhaloginpagetest" name="loginwithVaidcredentials" time="22.303"/>
  <system-out/>
  <testcase classname="Test.Jerodhaloginpagetest" name="signuplinktest" time="11.897"/>
  <system-out/>
</testsuite> <!-- Test.Jerodhaloginpagetest -->
