<?xml version="1.0" encoding="UTF-8"?>
<!-- Generated by org.testng.reporters.JUnitReportReporter -->
<testsuite hostname="DESKTOP-IDP8NUN" failures="0" tests="1" name="Test.Jerodhapinpagetest" time="28.073" errors="0" timestamp="2022-06-14T09:49:33 IST" skipped="0">
  <testcase classname="Test.Jerodhapinpagetest" name="jerohaloginwithvalidcredentials" time="28.073"/>
  <system-out/>
</testsuite> <!-- Test.Jerodhapinpagetest -->
